<?xml version="1.0" encoding="UTF-8"?>
<testng-results ignored="0" total="1" passed="1" failed="0" skipped="0">
  <reporter-output>
  </reporter-output>
  <suite started-at="2020-06-25T11:01:49Z" name="Default suite" finished-at="2020-06-25T11:01:49Z" duration-ms="26">
    <groups>
    </groups>
    <test started-at="2020-06-25T11:01:49Z" name="Default test" finished-at="2020-06-25T11:01:49Z" duration-ms="26">
      <class name="com.training.tests.HelloTestNGTest">
        <test-method signature="f()[pri:0, instance:com.training.tests.HelloTestNGTest@6dd7b5a3]" started-at="2020-06-25T11:01:49Z" name="f" finished-at="2020-06-25T11:01:49Z" duration-ms="7" status="PASS">
          <reporter-output>
          </reporter-output>
        </test-method> <!-- f -->
      </class> <!-- com.training.tests.HelloTestNGTest -->
    </test> <!-- Default test -->
  </suite> <!-- Default suite -->
</testng-results>
