<?xml version="1.0" encoding="UTF-8"?>
<!-- Generated by org.testng.reporters.JUnitXMLReporter -->
<testsuite hostname="Naveens-MacBook-Pro.local" name="Default test" tests="4" failures="0" timestamp="24 Jun 2020 07:19:17 GMT" time="0.369" errors="0">
  <testcase name="feature" time="0.096" classname="com.training.testrunner.TestRunnerTestNG"/>
  <testcase name="feature" time="0.014" classname="com.training.testrunner.TestRunnerTestNG"/>
  <testcase name="feature" time="0.042" classname="com.training.testrunner.TestRunnerTestNG"/>
  <testcase name="feature" time="0.004" classname="com.training.testrunner.TestRunnerTestNG"/>
</testsuite> <!-- Default test -->
