<?xml version="1.0" encoding="UTF-8"?>
<testng-results skipped="0" failed="0" total="4" passed="4">
  <reporter-output>
  </reporter-output>
  <suite name="Default suite" duration-ms="369" started-at="2020-06-24T07:19:17Z" finished-at="2020-06-24T07:19:17Z">
    <groups>
      <group name="cucumber">
        <method signature="AbstractTestNGCucumberTests.feature(cucumber.api.testng.CucumberFeatureWrapper)[pri:0, instance:com.training.testrunner.TestRunnerTestNG@157632c9]" name="feature" class="cucumber.api.testng.AbstractTestNGCucumberTests"/>
      </group> <!-- cucumber -->
    </groups>
    <test name="Default test" duration-ms="369" started-at="2020-06-24T07:19:17Z" finished-at="2020-06-24T07:19:17Z">
      <class name="com.training.testrunner.TestRunnerTestNG">
        <test-method status="PASS" signature="setUpClass()[pri:0, instance:com.training.testrunner.TestRunnerTestNG@157632c9]" name="setUpClass" is-config="true" duration-ms="126" started-at="2020-06-24T12:49:17Z" finished-at="2020-06-24T12:49:17Z">
          <reporter-output>
          </reporter-output>
        </test-method> <!-- setUpClass -->
        <test-method status="PASS" signature="feature(cucumber.api.testng.CucumberFeatureWrapper)[pri:0, instance:com.training.testrunner.TestRunnerTestNG@157632c9]" name="feature" duration-ms="96" started-at="2020-06-24T12:49:17Z" description="Runs Cucumber Feature" data-provider="features" finished-at="2020-06-24T12:49:17Z">
          <params>
            <param index="0">
              <value>
                <![CDATA[this is for sample check of credit score]]>
              </value>
            </param>
          </params>
          <reporter-output>
          </reporter-output>
        </test-method> <!-- feature -->
        <test-method status="PASS" signature="feature(cucumber.api.testng.CucumberFeatureWrapper)[pri:0, instance:com.training.testrunner.TestRunnerTestNG@157632c9]" name="feature" duration-ms="14" started-at="2020-06-24T12:49:17Z" description="Runs Cucumber Feature" data-provider="features" finished-at="2020-06-24T12:49:17Z">
          <params>
            <param index="0">
              <value>
                <![CDATA[to validate login]]>
              </value>
            </param>
          </params>
          <reporter-output>
          </reporter-output>
        </test-method> <!-- feature -->
        <test-method status="PASS" signature="feature(cucumber.api.testng.CucumberFeatureWrapper)[pri:0, instance:com.training.testrunner.TestRunnerTestNG@157632c9]" name="feature" duration-ms="42" started-at="2020-06-24T12:49:17Z" description="Runs Cucumber Feature" data-provider="features" finished-at="2020-06-24T12:49:17Z">
          <params>
            <param index="0">
              <value>
                <![CDATA[to shop for the product]]>
              </value>
            </param>
          </params>
          <reporter-output>
          </reporter-output>
        </test-method> <!-- feature -->
        <test-method status="PASS" signature="feature(cucumber.api.testng.CucumberFeatureWrapper)[pri:0, instance:com.training.testrunner.TestRunnerTestNG@157632c9]" name="feature" duration-ms="4" started-at="2020-06-24T12:49:17Z" description="Runs Cucumber Feature" data-provider="features" finished-at="2020-06-24T12:49:17Z">
          <params>
            <param index="0">
              <value>
                <![CDATA[validating the user call details]]>
              </value>
            </param>
          </params>
          <reporter-output>
          </reporter-output>
        </test-method> <!-- feature -->
        <test-method status="PASS" signature="tearDownClass()[pri:0, instance:com.training.testrunner.TestRunnerTestNG@157632c9]" name="tearDownClass" is-config="true" duration-ms="13" started-at="2020-06-24T12:49:17Z" finished-at="2020-06-24T12:49:17Z">
          <reporter-output>
          </reporter-output>
        </test-method> <!-- tearDownClass -->
      </class> <!-- com.training.testrunner.TestRunnerTestNG -->
    </test> <!-- Default test -->
  </suite> <!-- Default suite -->
</testng-results>
