<?xml version="1.0" encoding="UTF-8"?>
<testng-results skipped="0" failed="0" total="1" passed="1">
  <reporter-output>
  </reporter-output>
  <suite name="Default suite" duration-ms="432" started-at="2020-06-24T06:53:48Z" finished-at="2020-06-24T06:53:48Z">
    <groups>
      <group name="cucumber">
        <method signature="AbstractTestNGCucumberTests.feature(cucumber.api.testng.CucumberFeatureWrapper)[pri:0, instance:com.training.testrunner.TestRunnerTestNG@157632c9]" name="feature" class="cucumber.api.testng.AbstractTestNGCucumberTests"/>
      </group> <!-- cucumber -->
    </groups>
    <test name="Default test" duration-ms="432" started-at="2020-06-24T06:53:48Z" finished-at="2020-06-24T06:53:48Z">
      <class name="com.training.testrunner.TestRunnerTestNG">
        <test-method status="PASS" signature="setUpClass()[pri:0, instance:com.training.testrunner.TestRunnerTestNG@157632c9]" name="setUpClass" is-config="true" duration-ms="140" started-at="2020-06-24T12:23:48Z" finished-at="2020-06-24T12:23:48Z">
          <reporter-output>
          </reporter-output>
        </test-method> <!-- setUpClass -->
        <test-method status="PASS" signature="feature(cucumber.api.testng.CucumberFeatureWrapper)[pri:0, instance:com.training.testrunner.TestRunnerTestNG@157632c9]" name="feature" duration-ms="191" started-at="2020-06-24T12:23:48Z" description="Runs Cucumber Feature" data-provider="features" finished-at="2020-06-24T12:23:48Z">
          <params>
            <param index="0">
              <value>
                <![CDATA[to shop for the product]]>
              </value>
            </param>
          </params>
          <reporter-output>
          </reporter-output>
        </test-method> <!-- feature -->
        <test-method status="PASS" signature="tearDownClass()[pri:0, instance:com.training.testrunner.TestRunnerTestNG@157632c9]" name="tearDownClass" is-config="true" duration-ms="17" started-at="2020-06-24T12:23:48Z" finished-at="2020-06-24T12:23:48Z">
          <reporter-output>
          </reporter-output>
        </test-method> <!-- tearDownClass -->
      </class> <!-- com.training.testrunner.TestRunnerTestNG -->
    </test> <!-- Default test -->
  </suite> <!-- Default suite -->
</testng-results>
